{"level":"info","message":"Parameters 1 and 2 received for addition","service":"add-service"}
{"level":"error","message":"n2 is incorrectly defined","service":"add-service"}
{"level":"error","message":"n2 is incorrectly defined","service":"sub-service"}
{"level":"error","message":"n2 is incorrectly defined","service":"sub-service"}
{"level":"error","message":"n2 is incorrectly defined","service":"sub-service"}
{"level":"error","message":"n2 is incorrectly defined","service":"sub-service"}
{"level":"error","message":"n2 is incorrectly defined","service":"sub-service"}
{"level":"error","message":"Missing query parameters","service":"sub-service"}
{"level":"error","message":"Missing query parameters","service":"sub-service"}
{"level":"info","message":"Parameters 10 and 5 received for subtraction","service":"sub-service"}
{"level":"info","message":"Parameters 8 and 1 received for subtraction","service":"sub-service"}
{"level":"info","message":"Parameters 10 and 2 received for division","service":"div-service"}
{"level":"info","message":"Parameters 10 and 2 received for division","service":"div-service"}
{"level":"info","message":"Parameters 8 and 4 received for division","service":"div-service"}
{"level":"info","message":"Parameters 10 and 2 received for multiplication","service":"mul-service"}
{"level":"info","message":"Parameters 7 and 4 received for multiplication","service":"mul-service"}
{"level":"info","message":"Parameters 1 and 2 received for addition","service":"add-service"}
{"level":"info","message":"Parameters 5 and 10 received for addition","service":"add-service"}
{"level":"info","message":"Parameters 1 and 2 received for addition","service":"add-service"}
{"level":"error","message":"Missing query parameters","service":"div-service"}
{"level":"info","message":"Parameters 10 and 2 received for division","service":"div-service"}
{"level":"info","message":"Parameters 10 and 2 received for multiplication","service":"mul-service"}
{"level":"info","message":"Parameters 10 and 2 received for subtraction","service":"sub-service"}
{"level":"info","message":"Addition: 1 + 2 = 3","service":"calculator-service"}
{"level":"info","message":"Division: 1 / 2 = 0.5","service":"calculator-service"}
{"level":"info","message":"Division: 5 / 2 = 2.5","service":"calculator-service"}
{"level":"info","message":"Division: 6 / 2 = 3","service":"calculator-service"}
{"level":"info","message":"Multiplication: 1 * 2 = 2","service":"calculator-service"}
{"level":"info","message":"Multiplication: 4 * 2 = 8","service":"calculator-service"}
{"level":"info","message":"Subtraction: 1 - 2 = -1","service":"calculator-service"}
{"level":"info","message":"Subtraction: 10 - 2 = 8","service":"calculator-service"}
{"level":"info","message":"Addition: 1 + 2 = 3","service":"calculator-service"}
{"level":"info","message":"Division: 10 / 2 = 5","service":"calculator-service"}
{"level":"info","message":"Multiplication: 10 * 2 = 20","service":"calculator-service"}
{"level":"info","message":"Subtraction: 10 - 2 = 8","service":"calculator-service"}
